{"/Users/ombre/www/OpenSource/koa-jwt-session/specs.js":{"path":"/Users/ombre/www/OpenSource/koa-jwt-session/specs.js","s":{"1":1,"2":1,"3":1,"4":1,"5":1,"6":1},"b":{},"f":{"1":1,"2":1},"fnMap":{"1":{"name":"(anonymous_1)","line":5,"loc":{"start":{"line":5,"column":28},"end":{"line":5,"column":38}}},"2":{"name":"(anonymous_2)","line":6,"loc":{"start":{"line":6,"column":20},"end":{"line":6,"column":30}}}},"statementMap":{"1":{"start":{"line":1,"column":0},"end":{"line":1,"column":27}},"2":{"start":{"line":2,"column":0},"end":{"line":2,"column":32}},"3":{"start":{"line":3,"column":0},"end":{"line":3,"column":30}},"4":{"start":{"line":5,"column":0},"end":{"line":9,"column":2}},"5":{"start":{"line":6,"column":4},"end":{"line":8,"column":4}},"6":{"start":{"line":7,"column":10},"end":{"line":7,"column":28}}},"branchMap":{}},"/Users/ombre/www/OpenSource/koa-jwt-session/index.js":{"path":"/Users/ombre/www/OpenSource/koa-jwt-session/index.js","s":{"1":1,"2":0,"3":0,"4":0,"5":1,"6":0,"7":0,"8":0,"9":0,"10":0,"11":0,"12":0,"13":0,"14":0,"15":0,"16":0,"17":1,"18":1,"19":1,"20":1,"21":1,"22":1,"23":1,"24":0,"25":0,"26":0,"27":1,"28":0,"29":0,"30":0,"31":0,"32":0,"33":0,"34":0,"35":0,"36":0,"37":0,"38":0,"39":0,"40":0,"41":0,"42":0,"43":0,"44":0,"45":0,"46":0,"47":0,"48":0,"49":0,"50":0,"51":0,"52":0,"53":0,"54":0,"55":0,"56":0,"57":0,"58":0,"59":0,"60":0,"61":0,"62":0,"63":0,"64":0,"65":0,"66":0,"67":0,"68":0,"69":0,"70":0,"71":0,"72":0,"73":0,"74":0,"75":0,"76":0,"77":0},"b":{"1":[0,0],"2":[0,0],"3":[0,0],"4":[0,0],"5":[0,0],"6":[0,0,0,0,0],"7":[0,0],"8":[0,0]},"f":{"1":0,"2":0,"3":0,"4":0,"5":0,"6":0,"7":0,"8":0,"9":0,"10":0,"11":0,"12":0,"13":0,"14":0,"15":0,"16":0,"17":0,"18":0},"fnMap":{"1":{"name":"_asyncToGenerator","line":0,"loc":{"start":{"line":0,"column":0},"end":{"line":0,"column":0}},"skip":true},"2":{"name":"(anonymous_2)","line":0,"loc":{"start":{"line":0,"column":0},"end":{"line":0,"column":0}},"skip":true},"3":{"name":"(anonymous_3)","line":0,"loc":{"start":{"line":0,"column":0},"end":{"line":0,"column":0}},"skip":true},"4":{"name":"step","line":0,"loc":{"start":{"line":0,"column":0},"end":{"line":0,"column":0}},"skip":true},"5":{"name":"(anonymous_5)","line":0,"loc":{"start":{"line":0,"column":0},"end":{"line":0,"column":0}},"skip":true},"6":{"name":"(anonymous_6)","line":0,"loc":{"start":{"line":0,"column":0},"end":{"line":0,"column":0}},"skip":true},"7":{"name":"(anonymous_7)","line":19,"loc":{"start":{"line":19,"column":17},"end":{"line":19,"column":31}}},"8":{"name":"JWTSession","line":27,"loc":{"start":{"line":27,"column":11},"end":{"line":27,"column":27}}},"9":{"name":"(anonymous_9)","line":32,"loc":{"start":{"line":32,"column":29},"end":{"line":32,"column":40}}},"10":{"name":"(anonymous_10)","line":37,"loc":{"start":{"line":37,"column":29},"end":{"line":37,"column":44}}},"11":{"name":"(anonymous_11)","line":41,"loc":{"start":{"line":41,"column":34},"end":{"line":41,"column":54}}},"12":{"name":"(anonymous_12)","line":56,"loc":{"start":{"line":56,"column":32},"end":{"line":56,"column":43}}},"13":{"name":"(anonymous_13)","line":60,"loc":{"start":{"line":60,"column":31},"end":{"line":60,"column":42}}},"14":{"name":"get","line":67,"loc":{"start":{"line":67,"column":9},"end":{"line":67,"column":20}}},"15":{"name":"(anonymous_15)","line":0,"loc":{"start":{"line":0,"column":0},"end":{"line":0,"column":0}},"skip":true},"16":{"name":"_callee","line":76,"loc":{"start":{"line":76,"column":9},"end":{"line":null,"column":null}}},"17":{"name":"_callee$","line":0,"loc":{"start":{"line":0,"column":0},"end":{"line":0,"column":0}},"skip":true},"18":{"name":"(anonymous_18)","line":0,"loc":{"start":{"line":0,"column":0},"end":{"line":0,"column":0}},"skip":true}},"statementMap":{"1":{"start":{"line":0,"column":0},"end":{"line":0,"column":0},"skip":true},"2":{"start":{"line":0,"column":0},"end":{"line":0,"column":0},"skip":true},"3":{"start":{"line":0,"column":0},"end":{"line":0,"column":0},"skip":true},"4":{"start":{"line":0,"column":0},"end":{"line":0,"column":0},"skip":true},"5":{"start":{"line":0,"column":0},"end":{"line":0,"column":0},"skip":true},"6":{"start":{"line":0,"column":0},"end":{"line":0,"column":0},"skip":true},"7":{"start":{"line":0,"column":0},"end":{"line":0,"column":0},"skip":true},"8":{"start":{"line":0,"column":0},"end":{"line":0,"column":0},"skip":true},"9":{"start":{"line":0,"column":0},"end":{"line":0,"column":0},"skip":true},"10":{"start":{"line":0,"column":0},"end":{"line":0,"column":0},"skip":true},"11":{"start":{"line":0,"column":0},"end":{"line":0,"column":0},"skip":true},"12":{"start":{"line":0,"column":0},"end":{"line":0,"column":0},"skip":true},"13":{"start":{"line":0,"column":0},"end":{"line":0,"column":0},"skip":true},"14":{"start":{"line":0,"column":0},"end":{"line":0,"column":0},"skip":true},"15":{"start":{"line":0,"column":0},"end":{"line":0,"column":0},"skip":true},"16":{"start":{"line":0,"column":0},"end":{"line":0,"column":0},"skip":true},"17":{"start":{"line":2,"column":0},"end":{"line":2,"column":34}},"18":{"start":{"line":3,"column":0},"end":{"line":3,"column":44}},"19":{"start":{"line":5,"column":0},"end":{"line":5,"column":22}},"20":{"start":{"line":7,"column":0},"end":{"line":9,"column":2}},"21":{"start":{"line":11,"column":0},"end":{"line":11,"column":58}},"22":{"start":{"line":13,"column":0},"end":{"line":17,"column":1}},"23":{"start":{"line":19,"column":0},"end":{"line":91,"column":1}},"24":{"start":{"line":21,"column":6},"end":{"line":23,"column":3}},"25":{"start":{"line":22,"column":10},"end":{"line":22,"column":49}},"26":{"start":{"line":25,"column":5},"end":{"line":25,"column":39}},"27":{"start":{"line":27,"column":11},"end":{"line":30,"column":3}},"28":{"start":{"line":28,"column":8},"end":{"line":28,"column":23}},"29":{"start":{"line":29,"column":8},"end":{"line":29,"column":20}},"30":{"start":{"line":32,"column":12},"end":{"line":35,"column":3}},"31":{"start":{"line":34,"column":11},"end":{"line":34,"column":26}},"32":{"start":{"line":37,"column":12},"end":{"line":39,"column":3}},"33":{"start":{"line":38,"column":8},"end":{"line":38,"column":26}},"34":{"start":{"line":41,"column":12},"end":{"line":null,"column":null}},"35":{"start":{"line":42,"column":8},"end":{"line":50,"column":5}},"36":{"start":{"line":43,"column":10},"end":{"line":43,"column":53}},"37":{"start":{"line":44,"column":10},"end":{"line":44,"column":58}},"38":{"start":{"line":45,"column":10},"end":{"line":45,"column":85}},"39":{"start":{"line":46,"column":10},"end":{"line":46,"column":31}},"40":{"start":{"line":47,"column":13},"end":{"line":47,"column":21}},"41":{"start":{"line":49,"column":12},"end":{"line":49,"column":75}},"42":{"start":{"line":51,"column":11},"end":{"line":51,"column":16}},"43":{"start":{"line":56,"column":12},"end":{"line":58,"column":3}},"44":{"start":{"line":57,"column":11},"end":{"line":57,"column":68}},"45":{"start":{"line":60,"column":12},"end":{"line":64,"column":3}},"46":{"start":{"line":61,"column":8},"end":{"line":61,"column":55}},"47":{"start":{"line":62,"column":8},"end":{"line":62,"column":64}},"48":{"start":{"line":63,"column":8},"end":{"line":63,"column":24}},"49":{"start":{"line":66,"column":8},"end":{"line":74,"column":5}},"50":{"start":{"line":68,"column":10},"end":{"line":null,"column":null}},"51":{"start":{"line":70,"column":10},"end":{"line":70,"column":28}},"52":{"start":{"line":70,"column":16},"end":{"line":70,"column":28}},"53":{"start":{"line":71,"column":10},"end":{"line":71,"column":47}},"54":{"start":{"line":72,"column":13},"end":{"line":72,"column":18}},"55":{"start":{"line":0,"column":0},"end":{"line":0,"column":0},"skip":true},"56":{"start":{"line":76,"column":9},"end":{"line":null,"column":null}},"57":{"start":{"line":77,"column":8},"end":{"line":null,"column":null}},"58":{"start":{"line":0,"column":0},"end":{"line":0,"column":0},"skip":true},"59":{"start":{"line":0,"column":0},"end":{"line":0,"column":0},"skip":true},"60":{"start":{"line":0,"column":0},"end":{"line":0,"column":0},"skip":true},"61":{"start":{"line":77,"column":13},"end":{"line":null,"column":null}},"62":{"start":{"line":78,"column":11},"end":{"line":null,"column":null}},"63":{"start":{"line":0,"column":0},"end":{"line":0,"column":0},"skip":true},"64":{"start":{"line":0,"column":0},"end":{"line":0,"column":0},"skip":true},"65":{"start":{"line":79,"column":9},"end":{"line":79,"column":29}},"66":{"start":{"line":0,"column":0},"end":{"line":0,"column":0},"skip":true},"67":{"start":{"line":80,"column":19},"end":{"line":null,"column":null}},"68":{"start":{"line":0,"column":0},"end":{"line":0,"column":0},"skip":true},"69":{"start":{"line":82,"column":8},"end":{"line":88,"column":5}},"70":{"start":{"line":83,"column":9},"end":{"line":83,"column":54}},"71":{"start":{"line":85,"column":10},"end":{"line":87,"column":7}},"72":{"start":{"line":86,"column":11},"end":{"line":86,"column":31}},"73":{"start":{"line":0,"column":0},"end":{"line":0,"column":0},"skip":true},"74":{"start":{"line":89,"column":10},"end":{"line":null,"column":null}},"75":{"start":{"line":0,"column":0},"end":{"line":0,"column":0},"skip":true},"76":{"start":{"line":0,"column":0},"end":{"line":0,"column":0},"skip":true},"77":{"start":{"line":0,"column":0},"end":{"line":0,"column":0},"skip":true}},"branchMap":{"1":{"line":0,"type":"if","locations":[{"start":{"line":0,"column":0},"end":{"line":0,"column":0},"skip":true},{"start":{"line":0,"column":0},"end":{"line":0,"column":0},"skip":true}]},"2":{"line":21,"type":"if","locations":[{"start":{"line":21,"column":6},"end":{"line":21,"column":6}},{"start":{"line":21,"column":6},"end":{"line":21,"column":6}}]},"3":{"line":21,"type":"binary-expr","locations":[{"start":{"line":21,"column":6},"end":{"line":21,"column":10}},{"start":{"line":21,"column":14},"end":{"line":21,"column":43}}]},"4":{"line":57,"type":"binary-expr","locations":[{"start":{"line":57,"column":11},"end":{"line":57,"column":25}},{"start":{"line":57,"column":29},"end":{"line":57,"column":67}}]},"5":{"line":70,"type":"if","locations":[{"start":{"line":70,"column":10},"end":{"line":70,"column":10}},{"start":{"line":70,"column":10},"end":{"line":70,"column":10}}]},"6":{"line":0,"type":"switch","locations":[{"start":{"line":0,"column":0},"end":{"line":0,"column":0},"skip":true},{"start":{"line":0,"column":0},"end":{"line":0,"column":0},"skip":true},{"start":{"line":0,"column":0},"end":{"line":0,"column":0},"skip":true},{"start":{"line":0,"column":0},"end":{"line":0,"column":0},"skip":true},{"start":{"line":0,"column":0},"end":{"line":0,"column":0},"skip":true}]},"7":{"line":78,"type":"if","locations":[{"start":{"line":78,"column":11},"end":{"line":78,"column":11}},{"start":{"line":78,"column":11},"end":{"line":78,"column":11}}]},"8":{"line":85,"type":"if","locations":[{"start":{"line":85,"column":10},"end":{"line":85,"column":10}},{"start":{"line":85,"column":10},"end":{"line":85,"column":10}}]}}}}