TN:
SF:/Users/ombre/www/OpenSource/koa-jwt-session/specs.js
FN:5,(anonymous_1)
FN:6,(anonymous_2)
FNF:2
FNH:2
FNDA:1,(anonymous_1)
FNDA:1,(anonymous_2)
DA:1,1
DA:2,1
DA:3,1
DA:5,1
DA:6,1
DA:7,1
LF:6
LH:6
BRF:0
BRH:0
end_of_record
TN:
SF:/Users/ombre/www/OpenSource/koa-jwt-session/index.js
FN:19,(anonymous_7)
FN:27,JWTSession
FN:32,(anonymous_9)
FN:37,(anonymous_10)
FN:41,(anonymous_11)
FN:56,(anonymous_12)
FN:60,(anonymous_13)
FN:67,get
FN:76,_callee
FNF:9
FNH:0
FNDA:0,(anonymous_7)
FNDA:0,JWTSession
FNDA:0,(anonymous_9)
FNDA:0,(anonymous_10)
FNDA:0,(anonymous_11)
FNDA:0,(anonymous_12)
FNDA:0,(anonymous_13)
FNDA:0,get
FNDA:0,_callee
DA:2,1
DA:3,1
DA:5,1
DA:7,1
DA:11,1
DA:13,1
DA:19,1
DA:21,0
DA:22,0
DA:25,0
DA:27,1
DA:28,0
DA:29,0
DA:32,0
DA:34,0
DA:37,0
DA:38,0
DA:41,0
DA:42,0
DA:43,0
DA:44,0
DA:45,0
DA:46,0
DA:47,0
DA:49,0
DA:51,0
DA:56,0
DA:57,0
DA:60,0
DA:61,0
DA:62,0
DA:63,0
DA:66,0
DA:68,0
DA:70,0
DA:71,0
DA:72,0
DA:76,0
DA:77,0
DA:78,0
DA:79,0
DA:80,0
DA:82,0
DA:83,0
DA:85,0
DA:86,0
DA:89,0
LF:47
LH:8
BRDA:21,2,0,0
BRDA:21,2,1,0
BRDA:21,3,0,0
BRDA:21,3,1,0
BRDA:57,4,0,0
BRDA:57,4,1,0
BRDA:70,5,0,0
BRDA:70,5,1,0
BRDA:78,7,0,0
BRDA:78,7,1,0
BRDA:85,8,0,0
BRDA:85,8,1,0
BRF:12
BRH:0
end_of_record
